#-----------------------------------------------------------
# Vivado v2021.1_AR76780 (64-bit)
# SW Build 3247384 on Thu Jun 10 19:36:07 MDT 2021
# IP Build 3246043 on Fri Jun 11 00:30:35 MDT 2021
# Start of session at: Wed Nov 26 19:40:09 2025
# Process ID: 4040814
# Current directory: /home/peter/git/rfnoc-oot-blocks/rfnoc/fpga/oot-blocks/ip/Demodulat_ip_0
# Command line: vivado -mode batch -source generate_demodulat_ip_0_ipcore.tcl -nojournal
# Log file: /home/peter/git/rfnoc-oot-blocks/rfnoc/fpga/oot-blocks/ip/Demodulat_ip_0/vivado.log
# Journal file: 
#-----------------------------------------------------------
source generate_demodulat_ip_0_ipcore.tcl
# create_project demodulat_project . -part xczu28dr-ffvg1517-2-e -in_memory
# set_property  ip_repo_paths  ~/git/ip_core_simulink [current_project]
# update_ip_catalog
INFO: [IP_Flow 19-234] Refreshing IP repositories
INFO: [IP_Flow 19-1700] Loaded user IP repository '/home/peter/git/ip_core_simulink'.
INFO: [IP_Flow 19-2313] Loaded Vivado IP repository '/tools/Xilinx/Vivado/2021.1/patches/AR76780/vivado/data/ip'.
INFO: [IP_Flow 19-2313] Loaded Vivado IP repository '/tools/Xilinx/Vivado/2021.1/data/ip'.
# create_ip -name Demodulat_ip -vendor user.org -library ip -version 1.0 -module_name Demodulat_ip_0 -dir .
# generate_target {all} [get_files Demodulat_ip_0.xci]
INFO: [IP_Flow 19-1686] Generating 'Instantiation Template' target for IP 'Demodulat_ip_0'...
INFO: [IP_Flow 19-1686] Generating 'Synthesis' target for IP 'Demodulat_ip_0'...
INFO: [IP_Flow 19-1686] Generating 'Simulation' target for IP 'Demodulat_ip_0'...
INFO: [Common 17-206] Exiting Vivado at Wed Nov 26 19:40:13 2025...
